mode: set
week-6-assingment-nidadinch/data/data.go:24.42,26.2 1 1
week-6-assingment-nidadinch/data/data.go:28.51,30.2 1 1
week-6-assingment-nidadinch/data/data.go:32.60,33.30 1 1
week-6-assingment-nidadinch/data/data.go:38.2,38.71 1 1
week-6-assingment-nidadinch/data/data.go:33.30,34.29 1 1
week-6-assingment-nidadinch/data/data.go:34.29,36.4 1 1
week-6-assingment-nidadinch/data/data.go:41.86,45.2 3 1
week-6-assingment-nidadinch/data/data.go:47.69,48.30 1 1
week-6-assingment-nidadinch/data/data.go:53.2,53.30 1 1
week-6-assingment-nidadinch/data/data.go:48.30,49.29 1 1
week-6-assingment-nidadinch/data/data.go:49.29,51.4 1 1
week-6-assingment-nidadinch/data/data.go:56.22,60.2 2 1
week-6-assingment-nidadinch/controller/controller.go:26.69,28.9 2 1
week-6-assingment-nidadinch/controller/controller.go:29.34,30.10 1 1
week-6-assingment-nidadinch/controller/controller.go:36.34,37.10 1 1
week-6-assingment-nidadinch/controller/controller.go:44.35,45.10 1 1
week-6-assingment-nidadinch/controller/controller.go:31.32,32.21 1 1
week-6-assingment-nidadinch/controller/controller.go:33.11,34.19 1 1
week-6-assingment-nidadinch/controller/controller.go:38.32,39.24 1 1
week-6-assingment-nidadinch/controller/controller.go:40.11,42.67 2 1
week-6-assingment-nidadinch/controller/controller.go:46.32,47.24 1 1
week-6-assingment-nidadinch/controller/controller.go:48.11,50.80 2 1
week-6-assingment-nidadinch/controller/controller.go:55.50,57.2 1 1
week-6-assingment-nidadinch/controller/controller.go:59.70,61.16 2 1
week-6-assingment-nidadinch/controller/controller.go:67.2,68.16 2 1
week-6-assingment-nidadinch/controller/controller.go:74.2,75.15 2 1
week-6-assingment-nidadinch/controller/controller.go:61.16,65.3 3 1
week-6-assingment-nidadinch/controller/controller.go:68.16,72.3 3 0
week-6-assingment-nidadinch/controller/controller.go:78.72,81.16 3 1
week-6-assingment-nidadinch/controller/controller.go:87.2,88.16 2 1
week-6-assingment-nidadinch/controller/controller.go:94.2,95.15 2 1
week-6-assingment-nidadinch/controller/controller.go:81.16,85.3 3 1
week-6-assingment-nidadinch/controller/controller.go:88.16,92.3 3 0
week-6-assingment-nidadinch/controller/controller.go:98.75,102.16 3 1
week-6-assingment-nidadinch/controller/controller.go:108.2,109.16 2 1
week-6-assingment-nidadinch/controller/controller.go:115.2,116.15 2 1
week-6-assingment-nidadinch/controller/controller.go:102.16,106.3 3 1
week-6-assingment-nidadinch/controller/controller.go:109.16,113.3 3 0
week-6-assingment-nidadinch/controller/controller.go:119.75,127.16 5 1
week-6-assingment-nidadinch/controller/controller.go:133.2,136.16 3 1
week-6-assingment-nidadinch/controller/controller.go:142.2,143.16 2 1
week-6-assingment-nidadinch/controller/controller.go:149.2,150.15 2 1
week-6-assingment-nidadinch/controller/controller.go:127.16,131.3 3 1
week-6-assingment-nidadinch/controller/controller.go:136.16,140.3 3 1
week-6-assingment-nidadinch/controller/controller.go:143.16,147.3 3 0
week-6-assingment-nidadinch/controller/controller.go:153.65,155.2 1 1
week-6-assingment-nidadinch/service/service.go:23.68,27.28 3 1
week-6-assingment-nidadinch/service/service.go:31.2,31.16 1 1
week-6-assingment-nidadinch/service/service.go:27.28,29.3 1 1
week-6-assingment-nidadinch/service/service.go:34.95,42.2 4 1
week-6-assingment-nidadinch/service/service.go:43.98,50.2 4 1
week-6-assingment-nidadinch/service/service.go:52.110,56.56 2 1
week-6-assingment-nidadinch/service/service.go:62.2,65.16 3 1
week-6-assingment-nidadinch/service/service.go:56.56,58.3 1 1
week-6-assingment-nidadinch/service/service.go:58.8,60.3 1 1
week-6-assingment-nidadinch/service/service.go:68.50,70.2 1 1
